Program called with the following parameters:
 * downscale = 2
 * exportIntermediateResults = 0
 * imagesFolder = "/home/anton/photogrammetry/photogrammetry/graph/MeshroomCache/PrepareDenseScene/89f1f67d652b974779bcf56c6d33197ba091108d"
 * input = "/home/anton/photogrammetry/photogrammetry/graph/MeshroomCache/StructureFromMotion/ccdc9e2838b45fc19aaee9f6b4b7390d809dbe45/sfm.abc"
 * maxViewAngle = 70
 * minViewAngle = 2
 * nbGPUs = 0
 * output = "/home/anton/photogrammetry/photogrammetry/graph/MeshroomCache/DepthMap/659a7ca511cf875f629e23183a7c6b85d4f521cd"
 * rangeSize = 3
 * rangeStart = 0
 * refineGammaC = 15.5
 * refineGammaP = 8
 * refineMaxTCams = 6
 * refineNDepthsToRefine = 31
 * refineNSamplesHalf = 150
 * refineNiters = 100
 * refineSigma = 15
 * refineUseTcOrRcPixSize = 0
 * refineWSH = 3
 * sgmGammaC = 5.5
 * sgmGammaP = 8
 * sgmMaxTCams = 10
 * sgmWSH = 4
 * verboseLevel = "info"

[22:23:17.043911][info] CUDA-Enabled GPU.
Device information:
	- id:                      0
	- name:                    GeForce GTX 770
	- compute capability:      3.0
	- total device memory:     1996 MB 
	- device memory available: 1282 MB 
	- per-block shared memory: 49152
	- warp size:               32
	- max threads per block:   1024
	- max threads per SM(X):   2048
	- max block sizes:         {1024,1024,64}
	- max grid sizes:          {2147483647,65535,65535}
	- max 2D array texture:    {65536,65536}
	- max 3D array texture:    {4096,4096,4096}
	- max 2D linear texture:   {65000,65000,1048544}
	- max 2D layered texture:  {16384,16384,2048}
	- number of SM(x)s:        8
	- registers per SM(x):     65536
	- registers per block:     65536
	- concurrent kernels:      yes
	- mapping host memory:     yes
	- unified addressing:      yes
	- texture alignment:       512 byte
	- pitch alignment:         32 byte

[22:23:17.104224][info] Supported CUDA-Enabled GPU detected.
[22:23:17.110831][info] Found 1 image dimension(s): 
[22:23:17.110871][info] 	- [4032x3024]
[22:23:17.114788][info] Overall maximum dimension: [4032x3024]
[22:23:17.114884][info] Create depth maps.
[22:23:17.115070][info] # GPU devices: 1, # CPU threads: 4
[22:23:17.115105][info] Plane sweeping parameters:
	- scale: 2
	- step: 3
[22:23:17.115135][info] PlaneSweepingCuda:
	- _nImgsInGPUAtTime: 2
	- scales: 2
	- subPixel: Yes
	- varianceWSH: 4
[22:23:17.124327][info] Found only 2/10 nearest cameras for view id: 266155506
[22:23:17.134130][info] Found only 2/6 nearest cameras for view id: 266155506
[22:23:18.936012][info] Estimate depth map, view id: 266155506
number of CUDA devices:	1
   0: GeForce GTX 770
CUDA device no 0 for 0
Device 0 memory - used: 713.875000, free: 1282.937500, total: 1996.812500
Device 0 memory - used: 832.125000, free: 1164.687500, total: 1996.812500
Device 0 memory - used: 884.750000, free: 1112.062500, total: 1996.812500
total size of volume map in GPU memory: 52.541016
nDepths 427, nDepthsToSearch 427 
ps_computeSimilarityVolume elapsed time: 2.279000 ms 
Device 0 memory - used: 884.750000, free: 1112.062500, total: 1996.812500
total size of volume map in GPU memory: 52.541016
nDepths 427, nDepthsToSearch 427 
ps_computeSimilarityVolume elapsed time: 2.223000 ms 
ps_SGMoptimizeSimVolume
ps_updateAggrVolume
ps_aggregatePathVolume
ps_aggregatePathVolume done
ps_updateAggrVolume done
ps_updateAggrVolume
ps_aggregatePathVolume
ps_aggregatePathVolume done
ps_updateAggrVolume done
ps_updateAggrVolume
ps_aggregatePathVolume
ps_aggregatePathVolume done
ps_updateAggrVolume done
ps_updateAggrVolume
ps_aggregatePathVolume
ps_aggregatePathVolume done
ps_updateAggrVolume done
SGM volume gpu elapsed time: 320.337006 ms 
ps_SGMoptimizeSimVolume done
[22:23:22.480894][info] Refine depth map, view id: 266155506
gpu elapsed time: 422.528015 ms 
gpu elapsed time: 439.000000 ms 
gpu elapsed time: 439.364990 ms 
gpu elapsed time: 379.401001 ms 
gpu elapsed time: 400.114014 ms 
gpu elapsed time: 439.721985 ms 
gpu elapsed time: 438.458008 ms 
gpu elapsed time: 391.953003 ms 
gpu elapsed time: 103.702003 ms 
gpu elapsed time: 104.174004 ms 
gpu elapsed time: 104.906998 ms 
gpu elapsed time: 105.467003 ms 
rc: 0, gpu elapsed time: 164.035995 ms 
rc: 0, gpu elapsed time: 165.154999 ms 
rc: 0, gpu elapsed time: 164.804993 ms 
rc: 0, gpu elapsed time: 162.240997 ms 
[22:23:27.845104][info] Found only 2/10 nearest cameras for view id: 1565343736
[22:23:27.856301][info] Found only 2/6 nearest cameras for view id: 1565343736
[22:23:27.856651][info] Estimate depth map, view id: 1565343736
Device 0 memory - used: 860.375000, free: 1136.437500, total: 1996.812500
total size of volume map in GPU memory: 28.177734
nDepths 229, nDepthsToSearch 229 
ps_computeSimilarityVolume elapsed time: 1.483000 ms 
Device 0 memory - used: 860.375000, free: 1136.437500, total: 1996.812500
total size of volume map in GPU memory: 28.177734
nDepths 229, nDepthsToSearch 229 
ps_computeSimilarityVolume elapsed time: 1.667000 ms 
ps_SGMoptimizeSimVolume
ps_updateAggrVolume
ps_aggregatePathVolume
ps_aggregatePathVolume done
ps_updateAggrVolume done
ps_updateAggrVolume
ps_aggregatePathVolume
ps_aggregatePathVolume done
ps_updateAggrVolume done
ps_updateAggrVolume
ps_aggregatePathVolume
ps_aggregatePathVolume done
ps_updateAggrVolume done
ps_updateAggrVolume
ps_aggregatePathVolume
ps_aggregatePathVolume done
ps_updateAggrVolume done
SGM volume gpu elapsed time: 178.468002 ms 
ps_SGMoptimizeSimVolume done
[22:23:29.431547][info] Refine depth map, view id: 1565343736
gpu elapsed time: 405.141998 ms 
gpu elapsed time: 437.122986 ms 
gpu elapsed time: 438.743988 ms 
gpu elapsed time: 418.079987 ms 
gpu elapsed time: 428.621002 ms 
gpu elapsed time: 437.821014 ms 
gpu elapsed time: 437.592010 ms 
gpu elapsed time: 418.377014 ms 
gpu elapsed time: 103.986000 ms 
gpu elapsed time: 103.564003 ms 
gpu elapsed time: 103.464996 ms 
gpu elapsed time: 103.773003 ms 
rc: 1, gpu elapsed time: 163.916000 ms 
rc: 1, gpu elapsed time: 163.847000 ms 
rc: 1, gpu elapsed time: 164.121994 ms 
rc: 1, gpu elapsed time: 161.966003 ms 
[22:23:34.839107][info] Found only 2/10 nearest cameras for view id: 2064518414
[22:23:34.850131][info] Found only 2/6 nearest cameras for view id: 2064518414
[22:23:34.850315][info] Estimate depth map, view id: 2064518414
Device 0 memory - used: 884.875000, free: 1111.937500, total: 1996.812500
total size of volume map in GPU memory: 52.910156
nDepths 430, nDepthsToSearch 430 
ps_computeSimilarityVolume elapsed time: 1.987000 ms 
Device 0 memory - used: 884.250000, free: 1112.562500, total: 1996.812500
total size of volume map in GPU memory: 52.910156
nDepths 430, nDepthsToSearch 430 
ps_computeSimilarityVolume elapsed time: 1.962000 ms 
ps_SGMoptimizeSimVolume
ps_updateAggrVolume
ps_aggregatePathVolume
ps_aggregatePathVolume done
ps_updateAggrVolume done
ps_updateAggrVolume
ps_aggregatePathVolume
ps_aggregatePathVolume done
ps_updateAggrVolume done
ps_updateAggrVolume
ps_aggregatePathVolume
ps_aggregatePathVolume done
ps_updateAggrVolume done
ps_updateAggrVolume
ps_aggregatePathVolume
ps_aggregatePathVolume done
ps_updateAggrVolume done
SGM volume gpu elapsed time: 319.397003 ms 
ps_SGMoptimizeSimVolume done
[22:23:37.435258][info] Refine depth map, view id: 2064518414
gpu elapsed time: 427.593994 ms 
gpu elapsed time: 428.496002 ms 
gpu elapsed time: 428.760010 ms 
gpu elapsed time: 390.420013 ms 
gpu elapsed time: 426.894989 ms 
gpu elapsed time: 427.286987 ms 
gpu elapsed time: 428.428009 ms 
gpu elapsed time: 410.924011 ms 
gpu elapsed time: 101.279999 ms 
gpu elapsed time: 101.249001 ms 
gpu elapsed time: 100.369003 ms 
gpu elapsed time: 100.127998 ms 
rc: 2, gpu elapsed time: 160.220001 ms 
rc: 2, gpu elapsed time: 159.570007 ms 
rc: 2, gpu elapsed time: 159.979996 ms 
rc: 2, gpu elapsed time: 157.158005 ms 
[22:23:42.894557][info] Task done in (s): 25.851000
