Program called with the following parameters:
 * crossMatching = 0
 * describerTypes = "sift"
 * distanceRatio = 0.8
 * exportDebugFiles = 0
 * featuresFolders =  = [/home/anton/Dokumente/Projekte/lot1/lot1-object-marking/photogrammetry/graph/MeshroomCache/FeatureExtraction/0f3b43190cd115f6a5e586d1029bccc1405e9278]
 * geometricError = 0
 * geometricEstimator =  Unknown Type "N11aliceVision16robustEstimation16ERobustEstimatorE"
 * geometricFilterType = "fundamental_matrix"
 * guidedMatching = 0
 * imagePairsList =  = [/home/anton/Dokumente/Projekte/lot1/lot1-object-marking/photogrammetry/graph/MeshroomCache/ImageMatching/859e566c9a7682080699cc59f8b8ce48f5c7eebb/imageMatches.txt]
 * input = "/home/anton/Dokumente/Projekte/lot1/lot1-object-marking/photogrammetry/graph/MeshroomCache/CameraInit/a636cb8054394660607914aaa1dae44de22f82be/cameraInit.sfm"
 * knownPosesGeometricErrorMax = 5
 * matchFilePerImage = 0 (default)
 * matchFromKnownCameraPoses = 0
 * maxIteration = 2048
 * maxMatches = 0
 * output = "/home/anton/Dokumente/Projekte/lot1/lot1-object-marking/photogrammetry/graph/MeshroomCache/FeatureMatching/d949b0dc2ba95c1ee6ffa23f16ed4b84d1fc8db8"
 * photometricMatchingMethod = "ANN_L2"
 * randomSeed = 5489 (default)
 * rangeSize = 20
 * rangeStart = 0
 * savePutativeMatches = 0
 * useGridSort = 1 (default)
 * verboseLevel = "info"

[17:14:29.706040][info] Load pair list from file: /home/anton/Dokumente/Projekte/lot1/lot1-object-marking/photogrammetry/graph/MeshroomCache/ImageMatching/859e566c9a7682080699cc59f8b8ce48f5c7eebb/imageMatches.txt
[17:14:29.706242][info] loadPairs: image pair (988553086, 1461218130) added. File: "/home/anton/Dokumente/Projekte/lot1/lot1-object-marking/photogrammetry/graph/MeshroomCache/ImageMatching/859e566c9a7682080699cc59f8b8ce48f5c7eebb/imageMatches.txt".
[17:14:29.706269][info] loadPairs: image pair (988553086, 2085958917) added. File: "/home/anton/Dokumente/Projekte/lot1/lot1-object-marking/photogrammetry/graph/MeshroomCache/ImageMatching/859e566c9a7682080699cc59f8b8ce48f5c7eebb/imageMatches.txt".
[17:14:29.706283][info] loadPairs: image pair (1461218130, 2085958917) added. File: "/home/anton/Dokumente/Projekte/lot1/lot1-object-marking/photogrammetry/graph/MeshroomCache/ImageMatching/859e566c9a7682080699cc59f8b8ce48f5c7eebb/imageMatches.txt".
[17:14:29.706302][info] Number of pairs: 3
[17:14:29.706352][info] There are 3 views and 3 image pairs.
[17:14:29.706361][info] Load features and descriptors
Loading regions
0%   10   20   30   40   50   60   70   80   90   100%
|----|----|----|----|----|----|----|----|----|----|
[17:14:29.707215][error] cudaGetDeviceCount failed: CUDA driver version is insufficient for CUDA runtime version
[17:14:29.707258][info] Can't find CUDA-Enabled GPU.
***************************************************
[17:14:29.776031][info] Putative matches (unknown poses): 3 image pairs.
[17:14:29.777104][info] sift Regions Matching

0%   10   20   30   40   50   60   70   80   90   100%
|----|----|----|----|----|----|----|----|----|----|
***************************************************
[17:14:32.049632][info] 3 putative image pair matches
[17:14:32.049714][info] 	- image pair (988553086, 1461218130) contains 5312 putative matches.
[17:14:32.049763][info] 	- image pair (988553086, 2085958917) contains 4462 putative matches.
[17:14:32.049781][info] 	- image pair (1461218130, 2085958917) contains 2675 putative matches.
[17:14:32.049815][info] Task (Regions Matching) done in (s): 2.273000
[17:14:32.050560][info] Geometric filtering: using fundamental_matrix
Robust Model Estimation
0%   10   20   30   40   50   60   70   80   90   100%
|----|----|----|----|----|----|----|----|----|----|
***************************************************
[17:14:32.456963][info] 3 geometric image pair matches:
[17:14:32.457007][info] 	- image pair (988553086, 1461218130) contains 4977 geometric matches.
[17:14:32.457020][info] 	- image pair (988553086, 2085958917) contains 4186 geometric matches.
[17:14:32.457030][info] 	- image pair (1461218130, 2085958917) contains 2466 geometric matches.
[17:14:32.457039][info] Grid filtering
[17:14:32.459925][info] After grid filtering:
[17:14:32.459985][info] 	- image pair (988553086, 1461218130) contains 4977 geometric matches.
[17:14:32.460002][info] 	- image pair (988553086, 2085958917) contains 4186 geometric matches.
[17:14:32.460011][info] 	- image pair (1461218130, 2085958917) contains 2466 geometric matches.
[17:14:32.460020][info] Save geometric matches.
[17:14:32.462155][info] Task done in (s): 0.411000
