Program called with the following parameters:
 * downscale = 2
 * exportIntermediateResults = 0
 * imagesFolder = "/home/anton/Dokumente/Projekte/lot1/lot1-object-marking/photogrammetry/graph/MeshroomCache/PrepareDenseScene/b0ce490ca1552ffb23b041aafdafbda40a3a1724"
 * input = "/home/anton/Dokumente/Projekte/lot1/lot1-object-marking/photogrammetry/graph/MeshroomCache/StructureFromMotion/b9734d35eb08e6c1a6432b69ebb76ac220ff8905/sfm.abc"
 * maxViewAngle = 70
 * minViewAngle = 2
 * nbGPUs = 0
 * output = "/home/anton/Dokumente/Projekte/lot1/lot1-object-marking/photogrammetry/graph/MeshroomCache/DepthMap/0f1c48233783c7a8721027f98a59225a7cd25640"
 * rangeSize = 3
 * rangeStart = 0
 * refineGammaC = 15.5
 * refineGammaP = 8
 * refineMaxTCams = 6
 * refineNDepthsToRefine = 31
 * refineNSamplesHalf = 150
 * refineNiters = 100
 * refineSigma = 15
 * refineUseTcOrRcPixSize = 0
 * refineWSH = 3
 * sgmGammaC = 5.5
 * sgmGammaP = 8
 * sgmMaxTCams = 10
 * sgmWSH = 4
 * verboseLevel = "info"

[13:02:41.455433][warning] Could not determine number of CUDA cards in this system
[13:02:41.454550][warning] No CUDA-Enabled GPU.
[13:02:41.455665][error] cudaGetDeviceCount failed: CUDA driver version is insufficient for CUDA runtime version
[13:02:41.455686][info] Can't find CUDA-Enabled GPU.
[13:02:41.455692][error] This program needs a CUDA-Enabled GPU (with at least compute capability 2.0).
