Program called with the following parameters:
 * crossMatching = 0
 * describerTypes = "sift"
 * distanceRatio = 0.8
 * exportDebugFiles = 0
 * featuresFolders =  = [/home/anton/Dokumente/Projekte/lot1/lot1-object-marking/photogrammetry/graph/MeshroomCache/FeatureExtraction/6af08ca7741782ee08d15e9b8883bdce88736d8b]
 * geometricError = 0
 * geometricEstimator =  Unknown Type "N11aliceVision16robustEstimation16ERobustEstimatorE"
 * geometricFilterType = "fundamental_matrix"
 * guidedMatching = 0
 * imagePairsList =  = [/home/anton/Dokumente/Projekte/lot1/lot1-object-marking/photogrammetry/graph/MeshroomCache/ImageMatching/18d7d5cfa4766fc50c9c97a13bae6e5602fe3ed1/imageMatches.txt]
 * input = "/home/anton/Dokumente/Projekte/lot1/lot1-object-marking/photogrammetry/graph/MeshroomCache/CameraInit/a636cb8054394660607914aaa1dae44de22f82be/cameraInit.sfm"
 * knownPosesGeometricErrorMax = 5
 * matchFilePerImage = 0 (default)
 * matchFromKnownCameraPoses = 0
 * maxIteration = 2048
 * maxMatches = 0
 * output = "/home/anton/Dokumente/Projekte/lot1/lot1-object-marking/photogrammetry/graph/MeshroomCache/FeatureMatching/4266cb8ec6c9b5d8efa298f91f98e60b16633d5d"
 * photometricMatchingMethod = "ANN_L2"
 * randomSeed = 5489 (default)
 * rangeSize = 20
 * rangeStart = 0
 * savePutativeMatches = 0
 * useGridSort = 1 (default)
 * verboseLevel = "info"

[13:01:57.287442][info] Load pair list from file: /home/anton/Dokumente/Projekte/lot1/lot1-object-marking/photogrammetry/graph/MeshroomCache/ImageMatching/18d7d5cfa4766fc50c9c97a13bae6e5602fe3ed1/imageMatches.txt
[13:01:57.287798][info] loadPairs: image pair (988553086, 1461218130) added. File: "/home/anton/Dokumente/Projekte/lot1/lot1-object-marking/photogrammetry/graph/MeshroomCache/ImageMatching/18d7d5cfa4766fc50c9c97a13bae6e5602fe3ed1/imageMatches.txt".
[13:01:57.287846][info] loadPairs: image pair (988553086, 2085958917) added. File: "/home/anton/Dokumente/Projekte/lot1/lot1-object-marking/photogrammetry/graph/MeshroomCache/ImageMatching/18d7d5cfa4766fc50c9c97a13bae6e5602fe3ed1/imageMatches.txt".
[13:01:57.287861][info] loadPairs: image pair (1461218130, 2085958917) added. File: "/home/anton/Dokumente/Projekte/lot1/lot1-object-marking/photogrammetry/graph/MeshroomCache/ImageMatching/18d7d5cfa4766fc50c9c97a13bae6e5602fe3ed1/imageMatches.txt".
[13:01:57.287886][info] Number of pairs: 3
[13:01:57.288262][info] There are 3 views and 3 image pairs.
[13:01:57.288307][info] Load features and descriptors
Loading regions
0%   10   20   30   40   50   60   70   80   90   100%
|----|----|----|----|----|----|----|----|----|----|
[13:01:57.289209][error] cudaGetDeviceCount failed: CUDA driver version is insufficient for CUDA runtime version
[13:01:57.289298][info] Can't find CUDA-Enabled GPU.
***************************************************
[13:01:57.405054][info] Putative matches (unknown poses): 3 image pairs.
[13:01:57.405168][info] sift Regions Matching

0%   10   20   30   40   50   60   70   80   90   100%
|----|----|----|----|----|----|----|----|----|----|
***************************************************
[13:02:03.272678][info] 3 putative image pair matches
[13:02:03.272730][info] 	- image pair (988553086, 1461218130) contains 9113 putative matches.
[13:02:03.272758][info] 	- image pair (988553086, 2085958917) contains 7681 putative matches.
[13:02:03.272765][info] 	- image pair (1461218130, 2085958917) contains 5491 putative matches.
[13:02:03.272787][info] Task (Regions Matching) done in (s): 5.867000
[13:02:03.273818][info] Geometric filtering: using fundamental_matrix
Robust Model Estimation
0%   10   20   30   40   50   60   70   80   90   100%
|----|----|----|----|----|----|----|----|----|----|
***************************************************
[13:02:03.991982][info] 3 geometric image pair matches:
[13:02:03.992018][info] 	- image pair (988553086, 1461218130) contains 8538 geometric matches.
[13:02:03.992029][info] 	- image pair (988553086, 2085958917) contains 7178 geometric matches.
[13:02:03.992036][info] 	- image pair (1461218130, 2085958917) contains 5164 geometric matches.
[13:02:03.992044][info] Grid filtering
[13:02:03.995979][info] After grid filtering:
[13:02:03.996014][info] 	- image pair (988553086, 1461218130) contains 8538 geometric matches.
[13:02:03.996027][info] 	- image pair (988553086, 2085958917) contains 7178 geometric matches.
[13:02:03.996035][info] 	- image pair (1461218130, 2085958917) contains 5164 geometric matches.
[13:02:03.996041][info] Save geometric matches.
[13:02:03.999583][info] Task done in (s): 0.725000
