Program called with the following parameters:
 * contrastFiltering =  Unknown Type "N11aliceVision7feature26EFeatureConstrastFilteringE"
 * describerPreset =  Unknown Type "N11aliceVision7feature21EImageDescriberPresetE"
 * describerQuality =  Unknown Type "N11aliceVision7feature15EFeatureQualityE"
 * describerTypes = "sift"
 * forceCpuExtraction = 1
 * gridFiltering = 1
 * input = "/home/anton/photogrammetry/photogrammetry/graph/MeshroomCache/CameraInit/11ee372aafe92c833a3aba411d7993d95969c160/cameraInit.sfm"
 * maxNbFeatures = 0 (default)
 * maxThreads = 0
 * output = "/home/anton/photogrammetry/photogrammetry/graph/MeshroomCache/FeatureExtraction/90bbb34ede89a58fb3e7376137f9ba4c89ca85da"
 * rangeSize = 40
 * rangeStart = 0
 * relativePeakThreshold = 0.02 (default)
 * verboseLevel =  Unknown Type "N11aliceVision6system13EVerboseLevelE"

[22:22:12.312214][info] CUDA-Enabled GPU.
Device information:
	- id:                      0
	- name:                    GeForce GTX 770
	- compute capability:      3.0
	- total device memory:     1996 MB 
	- device memory available: 1284 MB 
	- per-block shared memory: 49152
	- warp size:               32
	- max threads per block:   1024
	- max threads per SM(X):   2048
	- max block sizes:         {1024,1024,64}
	- max grid sizes:          {2147483647,65535,65535}
	- max 2D array texture:    {65536,65536}
	- max 3D array texture:    {4096,4096,4096}
	- max 2D linear texture:   {65000,65000,1048544}
	- max 2D layered texture:  {16384,16384,2048}
	- number of SM(x)s:        8
	- registers per SM(x):     65536
	- registers per block:     65536
	- concurrent kernels:      yes
	- mapping host memory:     yes
	- unified addressing:      yes
	- texture alignment:       512 byte
	- pitch alignment:         32 byte

0
[22:22:12.369205][info] Supported CUDA-Enabled GPU detected.
[22:22:12.369361][info] Job max memory consumption for one image: 3745 MB
[22:22:12.369372][info] Memory information: 
	- Total RAM:     7.67425 GB
	- Free RAM:      4.46362 GB
	- Available RAM: 5.33953 GB
	- Total swap:    0.954098 GB
	- Free swap:     0.175201 GB

[22:22:12.369392][info] Max number of threads regarding memory usage: 1
[22:22:12.369403][info] # threads for extraction: 1
[22:22:12.529644][info] Extracting sift features from view '/home/anton/photogrammetry/photogrammetry/dataset_monstree-master/mini3/IMG_1026.JPG' [cpu]
[22:22:30.856316][info]       50000 sift features extracted from view '/home/anton/photogrammetry/photogrammetry/dataset_monstree-master/mini3/IMG_1026.JPG'
[22:22:31.006830][info] Extracting sift features from view '/home/anton/photogrammetry/photogrammetry/dataset_monstree-master/mini3/IMG_1025.JPG' [cpu]
[22:22:48.955242][info]       50000 sift features extracted from view '/home/anton/photogrammetry/photogrammetry/dataset_monstree-master/mini3/IMG_1025.JPG'
[22:22:49.124271][info] Extracting sift features from view '/home/anton/photogrammetry/photogrammetry/dataset_monstree-master/mini3/IMG_1024.JPG' [cpu]
[22:23:06.879843][info]       50000 sift features extracted from view '/home/anton/photogrammetry/photogrammetry/dataset_monstree-master/mini3/IMG_1024.JPG'
[22:23:06.880648][info] Task done in (s): 54.511000
