Program called with the following parameters:
 * contrastFiltering =  Unknown Type "N11aliceVision7feature26EFeatureConstrastFilteringE"
 * describerPreset =  Unknown Type "N11aliceVision7feature21EImageDescriberPresetE"
 * describerQuality =  Unknown Type "N11aliceVision7feature15EFeatureQualityE"
 * describerTypes = "sift"
 * forceCpuExtraction = 1
 * gridFiltering = 1
 * input = "/home/anton/Dokumente/Projekte/lot1/lot1-object-marking/photogrammetry/graph/MeshroomCache/CameraInit/a636cb8054394660607914aaa1dae44de22f82be/cameraInit.sfm"
 * maxNbFeatures = 0 (default)
 * maxThreads = 0
 * output = "/home/anton/Dokumente/Projekte/lot1/lot1-object-marking/photogrammetry/graph/MeshroomCache/FeatureExtraction/0f3b43190cd115f6a5e586d1029bccc1405e9278"
 * rangeSize = 40
 * rangeStart = 0
 * relativePeakThreshold = 0.02 (default)
 * verboseLevel =  Unknown Type "N11aliceVision6system13EVerboseLevelE"

[17:12:54.609763][warning] Could not determine number of CUDA cards in this system
[17:12:54.609562][warning] No CUDA-Enabled GPU.
0
[17:12:54.610700][error] cudaGetDeviceCount failed: CUDA driver version is insufficient for CUDA runtime version
[17:12:54.610735][info] Can't find CUDA-Enabled GPU.
[17:12:54.610903][info] Job max memory consumption for one image: 3730 MB
[17:12:54.610916][info] Memory information: 
	- Total RAM:     7.65903 GB
	- Free RAM:      2.35912 GB
	- Available RAM: 3.65056 GB
	- Total swap:    2 GB
	- Free swap:     0.854374 GB

[17:12:54.610937][info] Max number of threads regarding memory usage: 1
[17:12:54.610943][warning] More than half of the RAM is used by other applications. It would be more efficient to close them.
[17:12:54.610949][warning]  => 4 GB are used by other applications for a total RAM capacity of 8 GB.
[17:12:54.610965][info] # threads for extraction: 1
[17:12:54.939704][info] Extracting sift features from view '/home/anton/Dokumente/Projekte/lot1/lot1-object-marking/photogrammetry/dataset_monstree-master/mini3/IMG_1025.JPG' [cpu]
[17:13:26.495498][info]       20000 sift features extracted from view '/home/anton/Dokumente/Projekte/lot1/lot1-object-marking/photogrammetry/dataset_monstree-master/mini3/IMG_1025.JPG'
[17:13:26.849966][info] Extracting sift features from view '/home/anton/Dokumente/Projekte/lot1/lot1-object-marking/photogrammetry/dataset_monstree-master/mini3/IMG_1024.JPG' [cpu]
[17:13:57.678125][info]       20000 sift features extracted from view '/home/anton/Dokumente/Projekte/lot1/lot1-object-marking/photogrammetry/dataset_monstree-master/mini3/IMG_1024.JPG'
[17:13:58.034245][info] Extracting sift features from view '/home/anton/Dokumente/Projekte/lot1/lot1-object-marking/photogrammetry/dataset_monstree-master/mini3/IMG_1026.JPG' [cpu]
[17:14:29.435280][info]       20000 sift features extracted from view '/home/anton/Dokumente/Projekte/lot1/lot1-object-marking/photogrammetry/dataset_monstree-master/mini3/IMG_1026.JPG'
[17:14:29.438553][info] Task done in (s): 94.827000
